Job 2  start: Thu Feb  4 11:13:21 PST 2021
Job 1  start: Thu Feb  4 11:13:21 PST 2021
Job 3  start: Thu Feb  4 11:13:21 PST 2021
method = sample (Default)
  sample
    num_samples = 750
    num_warmup = 750
    save_warmup = 0 (Default)
    thin = 1 (Default)
    adapt
      engaged = 1 (Default)
      gamma = 0.050000000000000003 (Default)
      delta = 0.80000000000000004 (Default)
      kappa = 0.75 (Default)
      t0 = 10 (Default)
      init_buffer = 75 (Default)
      term_buffer = 50 (Default)
      window = 25 (Default)
    algorithm = hmc (Default)
      hmc
        engine = nuts (Default)
          nuts
            max_depth = 10 (Default)
        metric = diag_e (Default)
        metric_file =  (Default)
        stepsize = 1 (Default)
        stepsize_jitter = 0 (Default)
id = 0 (Default)
data
  file = /home/juandiaz/covid19_multi/Cmdstan/sin_jer.json
init = /home/juandiaz/covid19_multi/Cmdstan/inits_2.json
random
  seed = 1973429972 (Default)
output
  file = /scratch/juandiaz/sinjer/sin_jer_2.csv
  diagnostic_file =  (Default)
  refresh = 100 (Default)
  sig_figs = -1 (Default)
  profile_file = profile.csv (Default)
num_threads = 48

method = sample (Default)
method = sample (Default)
  sample
  sample
    num_samples = 750
    num_samples = 750
    num_warmup = 750
    num_warmup = 750
    save_warmup = 0 (Default)
    save_warmup = 0 (Default)
    thin = 1 (Default)
    thin = 1 (Default)
    adapt
    adapt
      engaged = 1 (Default)
      engaged = 1 (Default)
      gamma = 0.050000000000000003 (Default)
      gamma = 0.050000000000000003 (Default)
      delta = 0.80000000000000004 (Default)
      delta = 0.80000000000000004 (Default)
      kappa = 0.75 (Default)
      kappa = 0.75 (Default)
      t0 = 10 (Default)
      t0 = 10 (Default)
      init_buffer = 75 (Default)
      init_buffer = 75 (Default)
      term_buffer = 50 (Default)
      term_buffer = 50 (Default)
      window = 25 (Default)
      window = 25 (Default)
    algorithm = hmc (Default)
    algorithm = hmc (Default)
      hmc
      hmc
        engine = nuts (Default)
        engine = nuts (Default)
          nuts
          nuts
            max_depth = 10 (Default)
            max_depth = 10 (Default)
        metric = diag_e (Default)
        metric = diag_e (Default)
        metric_file =  (Default)
        metric_file =  (Default)
        stepsize = 1 (Default)
        stepsize = 1 (Default)
        stepsize_jitter = 0 (Default)
        stepsize_jitter = 0 (Default)
id = 0 (Default)
id = 0 (Default)
data
data
  file = /home/juandiaz/covid19_multi/Cmdstan/sin_jer.json
  file = /home/juandiaz/covid19_multi/Cmdstan/sin_jer.json
init = /home/juandiaz/covid19_multi/Cmdstan/inits_1.json
init = /home/juandiaz/covid19_multi/Cmdstan/inits_3.json
random
random
  seed = 1973430008 (Default)
  seed = 1973430025 (Default)
output
output
  file = /scratch/juandiaz/sinjer/sin_jer_1.csv
  file = /scratch/juandiaz/sinjer/sin_jer_3.csv
  diagnostic_file =  (Default)
  diagnostic_file =  (Default)
  refresh = 100 (Default)
  refresh = 100 (Default)
  sig_figs = -1 (Default)
  sig_figs = -1 (Default)
  profile_file = profile.csv (Default)
  profile_file = profile.csv (Default)
num_threads = 48
num_threads = 48



Gradient evaluation took 0.246982 seconds
1000 transitions using 10 leapfrog steps per transition would take 2469.82 seconds.
Adjust your expectations accordingly!


Informational Message: The current Metropolis proposal is about to be rejected because of the following issue:
Exception: Exception: weibull_lpdf: Scale parameter[1] is 0, but must be positive finite! (in '/home/juandiaz/covid19_multi/Stan/ModeloQR_reduce.stan', line 6, column 4 to column 61) (in '/home/juandiaz/covid19_multi/Stan/ModeloQR_reduce.stan', line 6, column 4 to column 61)
If this warning occurs sporadically, such as for highly constrained variable types like covariance matrices, then the sampler is fine,
but if this warning occurs often then your model may be either severely ill-conditioned or misspecified.


Gradient evaluation took 0.283391 seconds
1000 transitions using 10 leapfrog steps per transition would take 2833.91 seconds.
Adjust your expectations accordingly!



Informational Message: The current Metropolis proposal is about to be rejected because of the following issue:Gradient evaluation took 0.288813 seconds

1000 transitions using 10 leapfrog steps per transition would take 2888.13 seconds.
Exception: Exception: weibull_lpdf: Scale parameter[1] is 0, but must be positive finite! (in '/home/juandiaz/covid19_multi/Stan/ModeloQR_reduce.stan', line 6, column 4 to column 61) (in '/home/juandiaz/covid19_multi/Stan/ModeloQR_reduce.stan', line 6, column 4 to column 61)Adjust your expectations accordingly!


If this warning occurs sporadically, such as for highly constrained variable types like covariance matrices, then the sampler is fine,

but if this warning occurs often then your model may be either severely ill-conditioned or misspecified.

Informational Message: The current Metropolis proposal is about to be rejected because of the following issue:
Exception: Exception: weibull_lpdf: Scale parameter[1] is inf, but must be positive finite! (in '/home/juandiaz/covid19_multi/Stan/ModeloQR_reduce.stan', line 6, column 4 to column 61) (in '/home/juandiaz/covid19_multi/Stan/ModeloQR_reduce.stan', line 6, column 4 to column 61)
If this warning occurs sporadically, such as for highly constrained variable types like covariance matrices, then the sampler is fine,
but if this warning occurs often then your model may be either severely ill-conditioned or misspecified.

Informational Message: The current Metropolis proposal is about to be rejected because of the following issue:
Exception: Exception: weibull_lpdf: Scale parameter[1] is 0, but must be positive finite! (in '/home/juandiaz/covid19_multi/Stan/ModeloQR_reduce.stan', line 6, column 4 to column 61) (in '/home/juandiaz/covid19_multi/Stan/ModeloQR_reduce.stan', line 6, column 4 to column 61)
If this warning occurs sporadically, such as for highly constrained variable types like covariance matrices, then the sampler is fine,
but if this warning occurs often then your model may be either severely ill-conditioned or misspecified.

Informational Message: The current Metropolis proposal is about to be rejected because of the following issue:
Exception: Exception: weibull_lpdf: Scale parameter[1] is 0, but must be positive finite! (in '/home/juandiaz/covid19_multi/Stan/ModeloQR_reduce.stan', line 6, column 4 to column 61) (in '/home/juandiaz/covid19_multi/Stan/ModeloQR_reduce.stan', line 6, column 4 to column 61)
If this warning occurs sporadically, such as for highly constrained variable types like covariance matrices, then the sampler is fine,
but if this warning occurs often then your model may be either severely ill-conditioned or misspecified.

Informational Message: The current Metropolis proposal is about to be rejected because of the following issue:
Exception: Exception: weibull_lpdf: Scale parameter[1] is inf, but must be positive finite! (in '/home/juandiaz/covid19_multi/Stan/ModeloQR_reduce.stan', line 6, column 4 to column 61) (in '/home/juandiaz/covid19_multi/Stan/ModeloQR_reduce.stan', line 6, column 4 to column 61)
If this warning occurs sporadically, such as for highly constrained variable types like covariance matrices, then the sampler is fine,
but if this warning occurs often then your model may be either severely ill-conditioned or misspecified.

Informational Message: The current Metropolis proposal is about to be rejected because of the following issue:
Exception: Exception: weibull_lpdf: Scale parameter[1] is 0, but must be positive finite! (in '/home/juandiaz/covid19_multi/Stan/ModeloQR_reduce.stan', line 6, column 4 to column 61) (in '/home/juandiaz/covid19_multi/Stan/ModeloQR_reduce.stan', line 6, column 4 to column 61)
If this warning occurs sporadically, such as for highly constrained variable types like covariance matrices, then the sampler is fine,
but if this warning occurs often then your model may be either severely ill-conditioned or misspecified.

Informational Message: The current Metropolis proposal is about to be rejected because of the following issue:
Exception: Exception: weibull_lpdf: Scale parameter[1] is inf, but must be positive finite! (in '/home/juandiaz/covid19_multi/Stan/ModeloQR_reduce.stan', line 6, column 4 to column 61) (in '/home/juandiaz/covid19_multi/Stan/ModeloQR_reduce.stan', line 6, column 4 to column 61)
If this warning occurs sporadically, such as for highly constrained variable types like covariance matrices, then the sampler is fine,
but if this warning occurs often then your model may be either severely ill-conditioned or misspecified.

Informational Message: The current Metropolis proposal is about to be rejected because of the following issue:
Exception: Exception: weibull_lpdf: Scale parameter[1] is inf, but must be positive finite! (in '/home/juandiaz/covid19_multi/Stan/ModeloQR_reduce.stan', line 6, column 4 to column 61) (in '/home/juandiaz/covid19_multi/Stan/ModeloQR_reduce.stan', line 6, column 4 to column 61)
If this warning occurs sporadically, such as for highly constrained variable types like covariance matrices, then the sampler is fine,
but if this warning occurs often then your model may be either severely ill-conditioned or misspecified.

Informational Message: The current Metropolis proposal is about to be rejected because of the following issue:
Exception: Exception: weibull_lpdf: Scale parameter[1] is 0, but must be positive finite! (in '/home/juandiaz/covid19_multi/Stan/ModeloQR_reduce.stan', line 6, column 4 to column 61) (in '/home/juandiaz/covid19_multi/Stan/ModeloQR_reduce.stan', line 6, column 4 to column 61)
If this warning occurs sporadically, such as for highly constrained variable types like covariance matrices, then the sampler is fine,
but if this warning occurs often then your model may be either severely ill-conditioned or misspecified.

Informational Message: The current Metropolis proposal is about to be rejected because of the following issue:
Exception: Exception: weibull_lpdf: Scale parameter[1] is 0, but must be positive finite! (in '/home/juandiaz/covid19_multi/Stan/ModeloQR_reduce.stan', line 6, column 4 to column 61) (in '/home/juandiaz/covid19_multi/Stan/ModeloQR_reduce.stan', line 6, column 4 to column 61)
If this warning occurs sporadically, such as for highly constrained variable types like covariance matrices, then the sampler is fine,
but if this warning occurs often then your model may be either severely ill-conditioned or misspecified.

Informational Message: The current Metropolis proposal is about to be rejected because of the following issue:
Exception: Exception: weibull_lpdf: Scale parameter[1] is inf, but must be positive finite! (in '/home/juandiaz/covid19_multi/Stan/ModeloQR_reduce.stan', line 6, column 4 to column 61) (in '/home/juandiaz/covid19_multi/Stan/ModeloQR_reduce.stan', line 6, column 4 to column 61)
If this warning occurs sporadically, such as for highly constrained variable types like covariance matrices, then the sampler is fine,
but if this warning occurs often then your model may be either severely ill-conditioned or misspecified.

Informational Message: The current Metropolis proposal is about to be rejected because of the following issue:
Exception: Exception: weibull_lpdf: Scale parameter[3] is inf, but must be positive finite! (in '/home/juandiaz/covid19_multi/Stan/ModeloQR_reduce.stan', line 6, column 4 to column 61) (in '/home/juandiaz/covid19_multi/Stan/ModeloQR_reduce.stan', line 6, column 4 to column 61)
If this warning occurs sporadically, such as for highly constrained variable types like covariance matrices, then the sampler is fine,
but if this warning occurs often then your model may be either severely ill-conditioned or misspecified.

Informational Message: The current Metropolis proposal is about to be rejected because of the following issue:
Exception: Exception: weibull_lpdf: Scale parameter[1] is 0, but must be positive finite! (in '/home/juandiaz/covid19_multi/Stan/ModeloQR_reduce.stan', line 6, column 4 to column 61) (in '/home/juandiaz/covid19_multi/Stan/ModeloQR_reduce.stan', line 6, column 4 to column 61)
If this warning occurs sporadically, such as for highly constrained variable types like covariance matrices, then the sampler is fine,
but if this warning occurs often then your model may be either severely ill-conditioned or misspecified.

Informational Message: The current Metropolis proposal is about to be rejected because of the following issue:
Exception: Exception: weibull_lpdf: Scale parameter[1] is inf, but must be positive finite! (in '/home/juandiaz/covid19_multi/Stan/ModeloQR_reduce.stan', line 6, column 4 to column 61) (in '/home/juandiaz/covid19_multi/Stan/ModeloQR_reduce.stan', line 6, column 4 to column 61)
If this warning occurs sporadically, such as for highly constrained variable types like covariance matrices, then the sampler is fine,
but if this warning occurs often then your model may be either severely ill-conditioned or misspecified.

Informational Message: The current Metropolis proposal is about to be rejected because of the following issue:
Exception: Exception: weibull_lpdf: Scale parameter[5] is inf, but must be positive finite! (in '/home/juandiaz/covid19_multi/Stan/ModeloQR_reduce.stan', line 6, column 4 to column 61) (in '/home/juandiaz/covid19_multi/Stan/ModeloQR_reduce.stan', line 6, column 4 to column 61)
If this warning occurs sporadically, such as for highly constrained variable types like covariance matrices, then the sampler is fine,
but if this warning occurs often then your model may be either severely ill-conditioned or misspecified.

Informational Message: The current Metropolis proposal is about to be rejected because of the following issue:
Exception: Exception: weibull_lpdf: Scale parameter[1] is 0, but must be positive finite! (in '/home/juandiaz/covid19_multi/Stan/ModeloQR_reduce.stan', line 6, column 4 to column 61) (in '/home/juandiaz/covid19_multi/Stan/ModeloQR_reduce.stan', line 6, column 4 to column 61)
If this warning occurs sporadically, such as for highly constrained variable types like covariance matrices, then the sampler is fine,
but if this warning occurs often then your model may be either severely ill-conditioned or misspecified.

Informational Message: The current Metropolis proposal is about to be rejected because of the following issue:
Exception: Exception: weibull_lpdf: Scale parameter[1] is inf, but must be positive finite! (in '/home/juandiaz/covid19_multi/Stan/ModeloQR_reduce.stan', line 6, column 4 to column 61) (in '/home/juandiaz/covid19_multi/Stan/ModeloQR_reduce.stan', line 6, column 4 to column 61)
If this warning occurs sporadically, such as for highly constrained variable types like covariance matrices, then the sampler is fine,
but if this warning occurs often then your model may be either severely ill-conditioned or misspecified.

Informational Message: The current Metropolis proposal is about to be rejected because of the following issue:
Exception: Exception: weibull_lpdf: Scale parameter[1] is 0, but must be positive finite! (in '/home/juandiaz/covid19_multi/Stan/ModeloQR_reduce.stan', line 6, column 4 to column 61) (in '/home/juandiaz/covid19_multi/Stan/ModeloQR_reduce.stan', line 6, column 4 to column 61)
If this warning occurs sporadically, such as for highly constrained variable types like covariance matrices, then the sampler is fine,
but if this warning occurs often then your model may be either severely ill-conditioned or misspecified.

Informational Message: The current Metropolis proposal is about to be rejected because of the following issue:
Exception: Exception: weibull_lpdf: Scale parameter[1] is inf, but must be positive finite! (in '/home/juandiaz/covid19_multi/Stan/ModeloQR_reduce.stan', line 6, column 4 to column 61) (in '/home/juandiaz/covid19_multi/Stan/ModeloQR_reduce.stan', line 6, column 4 to column 61)
If this warning occurs sporadically, such as for highly constrained variable types like covariance matrices, then the sampler is fine,
but if this warning occurs often then your model may be either severely ill-conditioned or misspecified.

Informational Message: The current Metropolis proposal is about to be rejected because of the following issue:
Exception: Exception: weibull_lpdf: Scale parameter[1] is inf, but must be positive finite! (in '/home/juandiaz/covid19_multi/Stan/ModeloQR_reduce.stan', line 6, column 4 to column 61) (in '/home/juandiaz/covid19_multi/Stan/ModeloQR_reduce.stan', line 6, column 4 to column 61)
If this warning occurs sporadically, such as for highly constrained variable types like covariance matrices, then the sampler is fine,
but if this warning occurs often then your model may be either severely ill-conditioned or misspecified.

Informational Message: The current Metropolis proposal is about to be rejected because of the following issue:
Exception: Exception: weibull_lpdf: Scale parameter[1] is 0, but must be positive finite! (in '/home/juandiaz/covid19_multi/Stan/ModeloQR_reduce.stan', line 6, column 4 to column 61) (in '/home/juandiaz/covid19_multi/Stan/ModeloQR_reduce.stan', line 6, column 4 to column 61)
If this warning occurs sporadically, such as for highly constrained variable types like covariance matrices, then the sampler is fine,
but if this warning occurs often then your model may be either severely ill-conditioned or misspecified.

Informational Message: The current Metropolis proposal is about to be rejected because of the following issue:
Exception: Exception: weibull_lpdf: Scale parameter[1] is 0, but must be positive finite! (in '/home/juandiaz/covid19_multi/Stan/ModeloQR_reduce.stan', line 6, column 4 to column 61) (in '/home/juandiaz/covid19_multi/Stan/ModeloQR_reduce.stan', line 6, column 4 to column 61)
If this warning occurs sporadically, such as for highly constrained variable types like covariance matrices, then the sampler is fine,
but if this warning occurs often then your model may be either severely ill-conditioned or misspecified.

Informational Message: The current Metropolis proposal is about to be rejected because of the following issue:
Exception: Exception: weibull_lpdf: Scale parameter[1] is inf, but must be positive finite! (in '/home/juandiaz/covid19_multi/Stan/ModeloQR_reduce.stan', line 6, column 4 to column 61) (in '/home/juandiaz/covid19_multi/Stan/ModeloQR_reduce.stan', line 6, column 4 to column 61)
If this warning occurs sporadically, such as for highly constrained variable types like covariance matrices, then the sampler is fine,
but if this warning occurs often then your model may be either severely ill-conditioned or misspecified.

Informational Message: The current Metropolis proposal is about to be rejected because of the following issue:
Exception: Exception: weibull_lpdf: Scale parameter[1] is 0, but must be positive finite! (in '/home/juandiaz/covid19_multi/Stan/ModeloQR_reduce.stan', line 6, column 4 to column 61) (in '/home/juandiaz/covid19_multi/Stan/ModeloQR_reduce.stan', line 6, column 4 to column 61)
If this warning occurs sporadically, such as for highly constrained variable types like covariance matrices, then the sampler is fine,
but if this warning occurs often then your model may be either severely ill-conditioned or misspecified.

Informational Message: The current Metropolis proposal is about to be rejected because of the following issue:Informational Message: The current Metropolis proposal is about to be rejected because of the following issue:

Exception: Exception: weibull_lpdf: Scale parameter[1] is 0, but must be positive finite! (in '/home/juandiaz/covid19_multi/Stan/ModeloQR_reduce.stan', line 6, column 4 to column 61) (in '/home/juandiaz/covid19_multi/Stan/ModeloQR_reduce.stan', line 6, column 4 to column 61)Exception: Exception: weibull_lpdf: Scale parameter[1] is inf, but must be positive finite! (in '/home/juandiaz/covid19_multi/Stan/ModeloQR_reduce.stan', line 6, column 4 to column 61) (in '/home/juandiaz/covid19_multi/Stan/ModeloQR_reduce.stan', line 6, column 4 to column 61)

If this warning occurs sporadically, such as for highly constrained variable types like covariance matrices, then the sampler is fine,If this warning occurs sporadically, such as for highly constrained variable types like covariance matrices, then the sampler is fine,
Informational Message: The current Metropolis proposal is about to be rejected because of the following issue:
but if this warning occurs often then your model may be either severely ill-conditioned or misspecified.
but if this warning occurs often then your model may be either severely ill-conditioned or misspecified.
Exception: Exception: weibull_lpdf: Scale parameter[1] is 0, but must be positive finite! (in '/home/juandiaz/covid19_multi/Stan/ModeloQR_reduce.stan', line 6, column 4 to column 61) (in '/home/juandiaz/covid19_multi/Stan/ModeloQR_reduce.stan', line 6, column 4 to column 61)



If this warning occurs sporadically, such as for highly constrained variable types like covariance matrices, then the sampler is fine,
but if this warning occurs often then your model may be either severely ill-conditioned or misspecified.

Informational Message: The current Metropolis proposal is about to be rejected because of the following issue:
Exception: Exception: weibull_lpdf: Scale parameter[1] is 0, but must be positive finite! (in '/home/juandiaz/covid19_multi/Stan/ModeloQR_reduce.stan', line 6, column 4 to column 61) (in '/home/juandiaz/covid19_multi/Stan/ModeloQR_reduce.stan', line 6, column 4 to column 61)
If this warning occurs sporadically, such as for highly constrained variable types like covariance matrices, then the sampler is fine,
but if this warning occurs often then your model may be either severely ill-conditioned or misspecified.

Informational Message: The current Metropolis proposal is about to be rejected because of the following issue:
Exception: Exception: weibull_lpdf: Scale parameter[2] is inf, but must be positive finite! (in '/home/juandiaz/covid19_multi/Stan/ModeloQR_reduce.stan', line 6, column 4 to column 61) (in '/home/juandiaz/covid19_multi/Stan/ModeloQR_reduce.stan', line 6, column 4 to column 61)
If this warning occurs sporadically, such as for highly constrained variable types like covariance matrices, then the sampler is fine,
but if this warning occurs often then your model may be either severely ill-conditioned or misspecified.

Informational Message: The current Metropolis proposal is about to be rejected because of the following issue:
Exception: Exception: weibull_lpdf: Scale parameter[14] is inf, but must be positive finite! (in '/home/juandiaz/covid19_multi/Stan/ModeloQR_reduce.stan', line 6, column 4 to column 61) (in '/home/juandiaz/covid19_multi/Stan/ModeloQR_reduce.stan', line 6, column 4 to column 61)
If this warning occurs sporadically, such as for highly constrained variable types like covariance matrices, then the sampler is fine,
but if this warning occurs often then your model may be either severely ill-conditioned or misspecified.

Informational Message: The current Metropolis proposal is about to be rejected because of the following issue:Informational Message: The current Metropolis proposal is about to be rejected because of the following issue:

Exception: Exception: weibull_lpdf: Scale parameter[5] is inf, but must be positive finite! (in '/home/juandiaz/covid19_multi/Stan/ModeloQR_reduce.stan', line 6, column 4 to column 61) (in '/home/juandiaz/covid19_multi/Stan/ModeloQR_reduce.stan', line 6, column 4 to column 61)Exception: Exception: weibull_lpdf: Scale parameter[10] is inf, but must be positive finite! (in '/home/juandiaz/covid19_multi/Stan/ModeloQR_reduce.stan', line 6, column 4 to column 61) (in '/home/juandiaz/covid19_multi/Stan/ModeloQR_reduce.stan', line 6, column 4 to column 61)

If this warning occurs sporadically, such as for highly constrained variable types like covariance matrices, then the sampler is fine,If this warning occurs sporadically, such as for highly constrained variable types like covariance matrices, then the sampler is fine,
Informational Message: The current Metropolis proposal is about to be rejected because of the following issue:
but if this warning occurs often then your model may be either severely ill-conditioned or misspecified.
but if this warning occurs often then your model may be either severely ill-conditioned or misspecified.
Exception: Exception: weibull_lpdf: Scale parameter[14] is inf, but must be positive finite! (in '/home/juandiaz/covid19_multi/Stan/ModeloQR_reduce.stan', line 6, column 4 to column 61) (in '/home/juandiaz/covid19_multi/Stan/ModeloQR_reduce.stan', line 6, column 4 to column 61)



If this warning occurs sporadically, such as for highly constrained variable types like covariance matrices, then the sampler is fine,
but if this warning occurs often then your model may be either severely ill-conditioned or misspecified.

Informational Message: The current Metropolis proposal is about to be rejected because of the following issue:
Exception: Exception: weibull_lpdf: Scale parameter[1] is inf, but must be positive finite! (in '/home/juandiaz/covid19_multi/Stan/ModeloQR_reduce.stan', line 6, column 4 to column 61) (in '/home/juandiaz/covid19_multi/Stan/ModeloQR_reduce.stan', line 6, column 4 to column 61)
If this warning occurs sporadically, such as for highly constrained variable types like covariance matrices, then the sampler is fine,
but if this warning occurs often then your model may be either severely ill-conditioned or misspecified.

Informational Message: The current Metropolis proposal is about to be rejected because of the following issue:
Exception: Exception: weibull_lpdf: Scale parameter[4] is inf, but must be positive finite! (in '/home/juandiaz/covid19_multi/Stan/ModeloQR_reduce.stan', line 6, column 4 to column 61) (in '/home/juandiaz/covid19_multi/Stan/ModeloQR_reduce.stan', line 6, column 4 to column 61)
If this warning occurs sporadically, such as for highly constrained variable types like covariance matrices, then the sampler is fine,
but if this warning occurs often then your model may be either severely ill-conditioned or misspecified.

Informational Message: The current Metropolis proposal is about to be rejected because of the following issue:
Exception: Exception: weibull_lpdf: Scale parameter[1] is 0, but must be positive finite! (in '/home/juandiaz/covid19_multi/Stan/ModeloQR_reduce.stan', line 6, column 4 to column 61) (in '/home/juandiaz/covid19_multi/Stan/ModeloQR_reduce.stan', line 6, column 4 to column 61)
If this warning occurs sporadically, such as for highly constrained variable types like covariance matrices, then the sampler is fine,
but if this warning occurs often then your model may be either severely ill-conditioned or misspecified.

Informational Message: The current Metropolis proposal is about to be rejected because of the following issue:
Exception: Exception: weibull_lpdf: Scale parameter[1] is inf, but must be positive finite! (in '/home/juandiaz/covid19_multi/Stan/ModeloQR_reduce.stan', line 6, column 4 to column 61) (in '/home/juandiaz/covid19_multi/Stan/ModeloQR_reduce.stan', line 6, column 4 to column 61)
If this warning occurs sporadically, such as for highly constrained variable types like covariance matrices, then the sampler is fine,
but if this warning occurs often then your model may be either severely ill-conditioned or misspecified.

Informational Message: The current Metropolis proposal is about to be rejected because of the following issue:
Exception: Exception: weibull_lpdf: Scale parameter[1] is inf, but must be positive finite! (in '/home/juandiaz/covid19_multi/Stan/ModeloQR_reduce.stan', line 6, column 4 to column 61) (in '/home/juandiaz/covid19_multi/Stan/ModeloQR_reduce.stan', line 6, column 4 to column 61)
If this warning occurs sporadically, such as for highly constrained variable types like covariance matrices, then the sampler is fine,
but if this warning occurs often then your model may be either severely ill-conditioned or misspecified.

Informational Message: The current Metropolis proposal is about to be rejected because of the following issue:
Exception: Exception: weibull_lpdf: Scale parameter[1] is inf, but must be positive finite! (in '/home/juandiaz/covid19_multi/Stan/ModeloQR_reduce.stan', line 6, column 4 to column 61) (in '/home/juandiaz/covid19_multi/Stan/ModeloQR_reduce.stan', line 6, column 4 to column 61)
If this warning occurs sporadically, such as for highly constrained variable types like covariance matrices, then the sampler is fine,
but if this warning occurs often then your model may be either severely ill-conditioned or misspecified.

Informational Message: The current Metropolis proposal is about to be rejected because of the following issue:
Exception: Exception: weibull_lpdf: Scale parameter[1] is 0, but must be positive finite! (in '/home/juandiaz/covid19_multi/Stan/ModeloQR_reduce.stan', line 6, column 4 to column 61) (in '/home/juandiaz/covid19_multi/Stan/ModeloQR_reduce.stan', line 6, column 4 to column 61)
If this warning occurs sporadically, such as for highly constrained variable types like covariance matrices, then the sampler is fine,
but if this warning occurs often then your model may be either severely ill-conditioned or misspecified.

Informational Message: The current Metropolis proposal is about to be rejected because of the following issue:
Exception: Exception: weibull_lpdf: Scale parameter[1] is inf, but must be positive finite! (in '/home/juandiaz/covid19_multi/Stan/ModeloQR_reduce.stan', line 6, column 4 to column 61) (in '/home/juandiaz/covid19_multi/Stan/ModeloQR_reduce.stan', line 6, column 4 to column 61)
If this warning occurs sporadically, such as for highly constrained variable types like covariance matrices, then the sampler is fine,
but if this warning occurs often then your model may be either severely ill-conditioned or misspecified.

Iteration:    1 / 1500 [  0%]  (Warmup)
Informational Message: The current Metropolis proposal is about to be rejected because of the following issue:
Exception: Exception: weibull_lpdf: Scale parameter[1] is 0, but must be positive finite! (in '/home/juandiaz/covid19_multi/Stan/ModeloQR_reduce.stan', line 6, column 4 to column 61) (in '/home/juandiaz/covid19_multi/Stan/ModeloQR_reduce.stan', line 6, column 4 to column 61)
If this warning occurs sporadically, such as for highly constrained variable types like covariance matrices, then the sampler is fine,
but if this warning occurs often then your model may be either severely ill-conditioned or misspecified.

Informational Message: The current Metropolis proposal is about to be rejected because of the following issue:
Exception: Exception: weibull_lpdf: Scale parameter[1] is 0, but must be positive finite! (in '/home/juandiaz/covid19_multi/Stan/ModeloQR_reduce.stan', line 6, column 4 to column 61) (in '/home/juandiaz/covid19_multi/Stan/ModeloQR_reduce.stan', line 6, column 4 to column 61)
If this warning occurs sporadically, such as for highly constrained variable types like covariance matrices, then the sampler is fine,
but if this warning occurs often then your model may be either severely ill-conditioned or misspecified.

Iteration:    1 / 1500 [  0%]  (Warmup)
Informational Message: The current Metropolis proposal is about to be rejected because of the following issue:
Exception: Exception: weibull_lpdf: Scale parameter[1] is inf, but must be positive finite! (in '/home/juandiaz/covid19_multi/Stan/ModeloQR_reduce.stan', line 6, column 4 to column 61) (in '/home/juandiaz/covid19_multi/Stan/ModeloQR_reduce.stan', line 6, column 4 to column 61)
If this warning occurs sporadically, such as for highly constrained variable types like covariance matrices, then the sampler is fine,
but if this warning occurs often then your model may be either severely ill-conditioned or misspecified.

Informational Message: The current Metropolis proposal is about to be rejected because of the following issue:Informational Message: The current Metropolis proposal is about to be rejected because of the following issue:

Exception: Exception: weibull_lpdf: Scale parameter[1] is 0, but must be positive finite! (in '/home/juandiaz/covid19_multi/Stan/ModeloQR_reduce.stan', line 6, column 4 to column 61) (in '/home/juandiaz/covid19_multi/Stan/ModeloQR_reduce.stan', line 6, column 4 to column 61)Informational Message: The current Metropolis proposal is about to be rejected because of the following issue:Exception: Exception: weibull_lpdf: Scale parameter[1] is inf, but must be positive finite! (in '/home/juandiaz/covid19_multi/Stan/ModeloQR_reduce.stan', line 6, column 4 to column 61) (in '/home/juandiaz/covid19_multi/Stan/ModeloQR_reduce.stan', line 6, column 4 to column 61)


If this warning occurs sporadically, such as for highly constrained variable types like covariance matrices, then the sampler is fine,Exception: Exception: weibull_lpdf: Scale parameter[1] is inf, but must be positive finite! (in '/home/juandiaz/covid19_multi/Stan/ModeloQR_reduce.stan', line 6, column 4 to column 61) (in '/home/juandiaz/covid19_multi/Stan/ModeloQR_reduce.stan', line 6, column 4 to column 61)If this warning occurs sporadically, such as for highly constrained variable types like covariance matrices, then the sampler is fine,


but if this warning occurs often then your model may be either severely ill-conditioned or misspecified.If this warning occurs sporadically, such as for highly constrained variable types like covariance matrices, then the sampler is fine,but if this warning occurs often then your model may be either severely ill-conditioned or misspecified.



but if this warning occurs often then your model may be either severely ill-conditioned or misspecified.


Informational Message: The current Metropolis proposal is about to be rejected because of the following issue:
Exception: Exception: weibull_lpdf: Scale parameter[1] is inf, but must be positive finite! (in '/home/juandiaz/covid19_multi/Stan/ModeloQR_reduce.stan', line 6, column 4 to column 61) (in '/home/juandiaz/covid19_multi/Stan/ModeloQR_reduce.stan', line 6, column 4 to column 61)
If this warning occurs sporadically, such as for highly constrained variable types like covariance matrices, then the sampler is fine,
but if this warning occurs often then your model may be either severely ill-conditioned or misspecified.

Informational Message: The current Metropolis proposal is about to be rejected because of the following issue:
Exception: Exception: weibull_lpdf: Scale parameter[1] is inf, but must be positive finite! (in '/home/juandiaz/covid19_multi/Stan/ModeloQR_reduce.stan', line 6, column 4 to column 61) (in '/home/juandiaz/covid19_multi/Stan/ModeloQR_reduce.stan', line 6, column 4 to column 61)
If this warning occurs sporadically, such as for highly constrained variable types like covariance matrices, then the sampler is fine,
but if this warning occurs often then your model may be either severely ill-conditioned or misspecified.

Informational Message: The current Metropolis proposal is about to be rejected because of the following issue:
Exception: Exception: weibull_lpdf: Scale parameter[1] is inf, but must be positive finite! (in '/home/juandiaz/covid19_multi/Stan/ModeloQR_reduce.stan', line 6, column 4 to column 61) (in '/home/juandiaz/covid19_multi/Stan/ModeloQR_reduce.stan', line 6, column 4 to column 61)
If this warning occurs sporadically, such as for highly constrained variable types like covariance matrices, then the sampler is fine,
but if this warning occurs often then your model may be either severely ill-conditioned or misspecified.

Informational Message: The current Metropolis proposal is about to be rejected because of the following issue:
Exception: Exception: weibull_lpdf: Scale parameter[1] is inf, but must be positive finite! (in '/home/juandiaz/covid19_multi/Stan/ModeloQR_reduce.stan', line 6, column 4 to column 61) (in '/home/juandiaz/covid19_multi/Stan/ModeloQR_reduce.stan', line 6, column 4 to column 61)
If this warning occurs sporadically, such as for highly constrained variable types like covariance matrices, then the sampler is fine,
but if this warning occurs often then your model may be either severely ill-conditioned or misspecified.

Informational Message: The current Metropolis proposal is about to be rejected because of the following issue:
Exception: Exception: weibull_lpdf: Scale parameter[1] is inf, but must be positive finite! (in '/home/juandiaz/covid19_multi/Stan/ModeloQR_reduce.stan', line 6, column 4 to column 61) (in '/home/juandiaz/covid19_multi/Stan/ModeloQR_reduce.stan', line 6, column 4 to column 61)
If this warning occurs sporadically, such as for highly constrained variable types like covariance matrices, then the sampler is fine,
but if this warning occurs often then your model may be either severely ill-conditioned or misspecified.

Informational Message: The current Metropolis proposal is about to be rejected because of the following issue:
Exception: Exception: weibull_lpdf: Scale parameter[1] is 0, but must be positive finite! (in '/home/juandiaz/covid19_multi/Stan/ModeloQR_reduce.stan', line 6, column 4 to column 61) (in '/home/juandiaz/covid19_multi/Stan/ModeloQR_reduce.stan', line 6, column 4 to column 61)
If this warning occurs sporadically, such as for highly constrained variable types like covariance matrices, then the sampler is fine,
but if this warning occurs often then your model may be either severely ill-conditioned or misspecified.

Informational Message: The current Metropolis proposal is about to be rejected because of the following issue:
Exception: Exception: weibull_lpdf: Scale parameter[1] is inf, but must be positive finite! (in '/home/juandiaz/covid19_multi/Stan/ModeloQR_reduce.stan', line 6, column 4 to column 61) (in '/home/juandiaz/covid19_multi/Stan/ModeloQR_reduce.stan', line 6, column 4 to column 61)
If this warning occurs sporadically, such as for highly constrained variable types like covariance matrices, then the sampler is fine,
but if this warning occurs often then your model may be either severely ill-conditioned or misspecified.

Informational Message: The current Metropolis proposal is about to be rejected because of the following issue:
Exception: Exception: weibull_lpdf: Scale parameter[1] is 0, but must be positive finite! (in '/home/juandiaz/covid19_multi/Stan/ModeloQR_reduce.stan', line 6, column 4 to column 61) (in '/home/juandiaz/covid19_multi/Stan/ModeloQR_reduce.stan', line 6, column 4 to column 61)
If this warning occurs sporadically, such as for highly constrained variable types like covariance matrices, then the sampler is fine,
but if this warning occurs often then your model may be either severely ill-conditioned or misspecified.

Informational Message: The current Metropolis proposal is about to be rejected because of the following issue:
Exception: Exception: weibull_lpdf: Scale parameter[1] is 0, but must be positive finite! (in '/home/juandiaz/covid19_multi/Stan/ModeloQR_reduce.stan', line 6, column 4 to column 61) (in '/home/juandiaz/covid19_multi/Stan/ModeloQR_reduce.stan', line 6, column 4 to column 61)
If this warning occurs sporadically, such as for highly constrained variable types like covariance matrices, then the sampler is fine,
but if this warning occurs often then your model may be either severely ill-conditioned or misspecified.

Informational Message: The current Metropolis proposal is about to be rejected because of the following issue:
Exception: Exception: weibull_lpdf: Scale parameter[11] is inf, but must be positive finite! (in '/home/juandiaz/covid19_multi/Stan/ModeloQR_reduce.stan', line 6, column 4 to column 61) (in '/home/juandiaz/covid19_multi/Stan/ModeloQR_reduce.stan', line 6, column 4 to column 61)
If this warning occurs sporadically, such as for highly constrained variable types like covariance matrices, then the sampler is fine,
but if this warning occurs often then your model may be either severely ill-conditioned or misspecified.

Informational Message: The current Metropolis proposal is about to be rejected because of the following issue:
Exception: Exception: weibull_lpdf: Scale parameter[1] is inf, but must be positive finite! (in '/home/juandiaz/covid19_multi/Stan/ModeloQR_reduce.stan', line 6, column 4 to column 61) (in '/home/juandiaz/covid19_multi/Stan/ModeloQR_reduce.stan', line 6, column 4 to column 61)
If this warning occurs sporadically, such as for highly constrained variable types like covariance matrices, then the sampler is fine,
but if this warning occurs often then your model may be either severely ill-conditioned or misspecified.

Informational Message: The current Metropolis proposal is about to be rejected because of the following issue:
Exception: Exception: weibull_lpdf: Scale parameter[1] is inf, but must be positive finite! (in '/home/juandiaz/covid19_multi/Stan/ModeloQR_reduce.stan', line 6, column 4 to column 61) (in '/home/juandiaz/covid19_multi/Stan/ModeloQR_reduce.stan', line 6, column 4 to column 61)
If this warning occurs sporadically, such as for highly constrained variable types like covariance matrices, then the sampler is fine,
but if this warning occurs often then your model may be either severely ill-conditioned or misspecified.

Informational Message: The current Metropolis proposal is about to be rejected because of the following issue:
Exception: Exception: weibull_lpdf: Scale parameter[1] is inf, but must be positive finite! (in '/home/juandiaz/covid19_multi/Stan/ModeloQR_reduce.stan', line 6, column 4 to column 61) (in '/home/juandiaz/covid19_multi/Stan/ModeloQR_reduce.stan', line 6, column 4 to column 61)
If this warning occurs sporadically, such as for highly constrained variable types like covariance matrices, then the sampler is fine,
but if this warning occurs often then your model may be either severely ill-conditioned or misspecified.

Informational Message: The current Metropolis proposal is about to be rejected because of the following issue:
Exception: Exception: weibull_lpdf: Scale parameter[1] is 0, but must be positive finite! (in '/home/juandiaz/covid19_multi/Stan/ModeloQR_reduce.stan', line 6, column 4 to column 61) (in '/home/juandiaz/covid19_multi/Stan/ModeloQR_reduce.stan', line 6, column 4 to column 61)
If this warning occurs sporadically, such as for highly constrained variable types like covariance matrices, then the sampler is fine,
but if this warning occurs often then your model may be either severely ill-conditioned or misspecified.

Informational Message: The current Metropolis proposal is about to be rejected because of the following issue:
Exception: Exception: weibull_lpdf: Scale parameter[22] is inf, but must be positive finite! (in '/home/juandiaz/covid19_multi/Stan/ModeloQR_reduce.stan', line 6, column 4 to column 61) (in '/home/juandiaz/covid19_multi/Stan/ModeloQR_reduce.stan', line 6, column 4 to column 61)
If this warning occurs sporadically, such as for highly constrained variable types like covariance matrices, then the sampler is fine,
but if this warning occurs often then your model may be either severely ill-conditioned or misspecified.

Informational Message: The current Metropolis proposal is about to be rejected because of the following issue:
Exception: Exception: weibull_lpdf: Scale parameter[1] is inf, but must be positive finite! (in '/home/juandiaz/covid19_multi/Stan/ModeloQR_reduce.stan', line 6, column 4 to column 61) (in '/home/juandiaz/covid19_multi/Stan/ModeloQR_reduce.stan', line 6, column 4 to column 61)
If this warning occurs sporadically, such as for highly constrained variable types like covariance matrices, then the sampler is fine,
but if this warning occurs often then your model may be either severely ill-conditioned or misspecified.

Informational Message: The current Metropolis proposal is about to be rejected because of the following issue:
Exception: Exception: weibull_lpdf: Scale parameter[1] is inf, but must be positive finite! (in '/home/juandiaz/covid19_multi/Stan/ModeloQR_reduce.stan', line 6, column 4 to column 61) (in '/home/juandiaz/covid19_multi/Stan/ModeloQR_reduce.stan', line 6, column 4 to column 61)
If this warning occurs sporadically, such as for highly constrained variable types like covariance matrices, then the sampler is fine,
but if this warning occurs often then your model may be either severely ill-conditioned or misspecified.

Iteration:    1 / 1500 [  0%]  (Warmup)
Informational Message: The current Metropolis proposal is about to be rejected because of the following issue:
Exception: Exception: weibull_lpdf: Scale parameter[1] is 0, but must be positive finite! (in '/home/juandiaz/covid19_multi/Stan/ModeloQR_reduce.stan', line 6, column 4 to column 61) (in '/home/juandiaz/covid19_multi/Stan/ModeloQR_reduce.stan', line 6, column 4 to column 61)
If this warning occurs sporadically, such as for highly constrained variable types like covariance matrices, then the sampler is fine,
but if this warning occurs often then your model may be either severely ill-conditioned or misspecified.

Informational Message: The current Metropolis proposal is about to be rejected because of the following issue:
Exception: Exception: weibull_lpdf: Scale parameter[1] is 0, but must be positive finite! (in '/home/juandiaz/covid19_multi/Stan/ModeloQR_reduce.stan', line 6, column 4 to column 61) (in '/home/juandiaz/covid19_multi/Stan/ModeloQR_reduce.stan', line 6, column 4 to column 61)
If this warning occurs sporadically, such as for highly constrained variable types like covariance matrices, then the sampler is fine,
but if this warning occurs often then your model may be either severely ill-conditioned or misspecified.

Informational Message: The current Metropolis proposal is about to be rejected because of the following issue:
Exception: Exception: weibull_lpdf: Scale parameter[1] is 0, but must be positive finite! (in '/home/juandiaz/covid19_multi/Stan/ModeloQR_reduce.stan', line 6, column 4 to column 61) (in '/home/juandiaz/covid19_multi/Stan/ModeloQR_reduce.stan', line 6, column 4 to column 61)
If this warning occurs sporadically, such as for highly constrained variable types like covariance matrices, then the sampler is fine,
but if this warning occurs often then your model may be either severely ill-conditioned or misspecified.

Informational Message: The current Metropolis proposal is about to be rejected because of the following issue:
Exception: Exception: weibull_lpdf: Scale parameter[1] is 0, but must be positive finite! (in '/home/juandiaz/covid19_multi/Stan/ModeloQR_reduce.stan', line 6, column 4 to column 61) (in '/home/juandiaz/covid19_multi/Stan/ModeloQR_reduce.stan', line 6, column 4 to column 61)
If this warning occurs sporadically, such as for highly constrained variable types like covariance matrices, then the sampler is fine,
but if this warning occurs often then your model may be either severely ill-conditioned or misspecified.

Informational Message: The current Metropolis proposal is about to be rejected because of the following issue:
Exception: Exception: weibull_lpdf: Scale parameter[10] is inf, but must be positive finite! (in '/home/juandiaz/covid19_multi/Stan/ModeloQR_reduce.stan', line 6, column 4 to column 61) (in '/home/juandiaz/covid19_multi/Stan/ModeloQR_reduce.stan', line 6, column 4 to column 61)
If this warning occurs sporadically, such as for highly constrained variable types like covariance matrices, then the sampler is fine,
but if this warning occurs often then your model may be either severely ill-conditioned or misspecified.

Informational Message: The current Metropolis proposal is about to be rejected because of the following issue:
Exception: Exception: weibull_lpdf: Scale parameter[1] is 0, but must be positive finite! (in '/home/juandiaz/covid19_multi/Stan/ModeloQR_reduce.stan', line 6, column 4 to column 61) (in '/home/juandiaz/covid19_multi/Stan/ModeloQR_reduce.stan', line 6, column 4 to column 61)
If this warning occurs sporadically, such as for highly constrained variable types like covariance matrices, then the sampler is fine,
but if this warning occurs often then your model may be either severely ill-conditioned or misspecified.

Informational Message: The current Metropolis proposal is about to be rejected because of the following issue:
Exception: Exception: weibull_lpdf: Scale parameter[1] is inf, but must be positive finite! (in '/home/juandiaz/covid19_multi/Stan/ModeloQR_reduce.stan', line 6, column 4 to column 61) (in '/home/juandiaz/covid19_multi/Stan/ModeloQR_reduce.stan', line 6, column 4 to column 61)
If this warning occurs sporadically, such as for highly constrained variable types like covariance matrices, then the sampler is fine,
but if this warning occurs often then your model may be either severely ill-conditioned or misspecified.

Informational Message: The current Metropolis proposal is about to be rejected because of the following issue:
Exception: Exception: weibull_lpdf: Scale parameter[1] is 0, but must be positive finite! (in '/home/juandiaz/covid19_multi/Stan/ModeloQR_reduce.stan', line 6, column 4 to column 61) (in '/home/juandiaz/covid19_multi/Stan/ModeloQR_reduce.stan', line 6, column 4 to column 61)
If this warning occurs sporadically, such as for highly constrained variable types like covariance matrices, then the sampler is fine,
but if this warning occurs often then your model may be either severely ill-conditioned or misspecified.

Informational Message: The current Metropolis proposal is about to be rejected because of the following issue:
Exception: Exception: weibull_lpdf: Scale parameter[11] is inf, but must be positive finite! (in '/home/juandiaz/covid19_multi/Stan/ModeloQR_reduce.stan', line 6, column 4 to column 61) (in '/home/juandiaz/covid19_multi/Stan/ModeloQR_reduce.stan', line 6, column 4 to column 61)
If this warning occurs sporadically, such as for highly constrained variable types like covariance matrices, then the sampler is fine,
but if this warning occurs often then your model may be either severely ill-conditioned or misspecified.

Iteration:  100 / 1500 [  6%]  (Warmup)
Iteration:  100 / 1500 [  6%]  (Warmup)
Iteration:  100 / 1500 [  6%]  (Warmup)
Iteration:  200 / 1500 [ 13%]  (Warmup)
Iteration:  200 / 1500 [ 13%]  (Warmup)
Iteration:  200 / 1500 [ 13%]  (Warmup)
Iteration:  300 / 1500 [ 20%]  (Warmup)
Iteration:  300 / 1500 [ 20%]  (Warmup)
Iteration:  300 / 1500 [ 20%]  (Warmup)
Iteration:  400 / 1500 [ 26%]  (Warmup)
Iteration:  400 / 1500 [ 26%]  (Warmup)
Iteration:  400 / 1500 [ 26%]  (Warmup)
Iteration:  500 / 1500 [ 33%]  (Warmup)
Iteration:  500 / 1500 [ 33%]  (Warmup)
Iteration:  500 / 1500 [ 33%]  (Warmup)
Iteration:  600 / 1500 [ 40%]  (Warmup)
Iteration:  600 / 1500 [ 40%]  (Warmup)
Iteration:  700 / 1500 [ 46%]  (Warmup)
Iteration:  600 / 1500 [ 40%]  (Warmup)
Iteration:  700 / 1500 [ 46%]  (Warmup)
Iteration:  751 / 1500 [ 50%]  (Sampling)
Iteration:  751 / 1500 [ 50%]  (Sampling)
Iteration:  700 / 1500 [ 46%]  (Warmup)
Iteration:  751 / 1500 [ 50%]  (Sampling)
Iteration:  850 / 1500 [ 56%]  (Sampling)
Iteration:  850 / 1500 [ 56%]  (Sampling)
Iteration:  950 / 1500 [ 63%]  (Sampling)
Iteration:  850 / 1500 [ 56%]  (Sampling)
Iteration:  950 / 1500 [ 63%]  (Sampling)
Iteration: 1050 / 1500 [ 70%]  (Sampling)
Iteration:  950 / 1500 [ 63%]  (Sampling)
Iteration: 1050 / 1500 [ 70%]  (Sampling)
Iteration: 1150 / 1500 [ 76%]  (Sampling)
Iteration: 1150 / 1500 [ 76%]  (Sampling)
Iteration: 1050 / 1500 [ 70%]  (Sampling)
Iteration: 1250 / 1500 [ 83%]  (Sampling)
Iteration: 1250 / 1500 [ 83%]  (Sampling)
Iteration: 1150 / 1500 [ 76%]  (Sampling)
Iteration: 1350 / 1500 [ 90%]  (Sampling)
Iteration: 1350 / 1500 [ 90%]  (Sampling)
Iteration: 1250 / 1500 [ 83%]  (Sampling)
Iteration: 1450 / 1500 [ 96%]  (Sampling)
Iteration: 1450 / 1500 [ 96%]  (Sampling)
Iteration: 1500 / 1500 [100%]  (Sampling)

 Elapsed Time: 1050.05 seconds (Warm-up)
               1353.88 seconds (Sampling)
               2403.93 seconds (Total)

Job 2  finish: Thu Feb  4 11:53:29 PST 2021
Iteration: 1350 / 1500 [ 90%]  (Sampling)
Iteration: 1500 / 1500 [100%]  (Sampling)

 Elapsed Time: 1055.64 seconds (Warm-up)
               1444.21 seconds (Sampling)
               2499.85 seconds (Total)

Job 3  finish: Thu Feb  4 11:55:05 PST 2021
Iteration: 1450 / 1500 [ 96%]  (Sampling)
Iteration: 1500 / 1500 [100%]  (Sampling)

 Elapsed Time: 1207.59 seconds (Warm-up)
               1572.64 seconds (Sampling)
               2780.23 seconds (Total)

Job 1  finish: Thu Feb  4 11:59:49 PST 2021
