Job 3  start: Tue Jun 22 17:18:15 PDT 2021
method = sample (Default)
  sample
    num_samples = 750
    num_warmup = 750
    save_warmup = 0 (Default)
    thin = 1 (Default)
    adapt
      engaged = 1 (Default)
      gamma = 0.050000000000000003 (Default)
      delta = 0.80000000000000004 (Default)
      kappa = 0.75 (Default)
      t0 = 10 (Default)
      init_buffer = 75 (Default)
      term_buffer = 50 (Default)
      window = 25 (Default)
    algorithm = hmc (Default)
      hmc
        engine = nuts (Default)
          nuts
            max_depth = 10 (Default)
        metric = diag_e (Default)
        metric_file =  (Default)
        stepsize = 1 (Default)
        stepsize_jitter = 0 (Default)
id = 0 (Default)
data
  file = /home/juandiaz/covid19_multi/Cmdstan/jer_2.json
init = /home/juandiaz/covid19_multi/Cmdstan/inits_3.json
random
  seed = 1030022317 (Default)
output
  file = /scratch/juandiaz/jer2/jer2_3.csv
  diagnostic_file =  (Default)
  refresh = 100 (Default)
  sig_figs = -1 (Default)
  profile_file = profile.csv (Default)
num_threads = 48


Gradient evaluation took 0.348587 seconds
1000 transitions using 10 leapfrog steps per transition would take 3485.87 seconds.
Adjust your expectations accordingly!


Informational Message: The current Metropolis proposal is about to be rejected because of the following issue:
Exception: Exception: weibull_lpdf: Scale parameter[1] is 0, but must be positive finite! (in '/home/juandiaz/covid19_multi/Stan/ModeloJer2QR_reduce.stan', line 6, column 4 to column 61) (in '/home/juandiaz/covid19_multi/Stan/ModeloJer2QR_reduce.stan', line 92, column 2 to column 115)
If this warning occurs sporadically, such as for highly constrained variable types like covariance matrices, then the sampler is fine,
but if this warning occurs often then your model may be either severely ill-conditioned or misspecified.

Informational Message: The current Metropolis proposal is about to be rejected because of the following issue:
Exception: Exception: weibull_lpdf: Scale parameter[1] is 0, but must be positive finite! (in '/home/juandiaz/covid19_multi/Stan/ModeloJer2QR_reduce.stan', line 6, column 4 to column 61) (in '/home/juandiaz/covid19_multi/Stan/ModeloJer2QR_reduce.stan', line 92, column 2 to column 115)
If this warning occurs sporadically, such as for highly constrained variable types like covariance matrices, then the sampler is fine,
but if this warning occurs often then your model may be either severely ill-conditioned or misspecified.

Informational Message: The current Metropolis proposal is about to be rejected because of the following issue:
Exception: Exception: weibull_lpdf: Scale parameter[1] is 0, but must be positive finite! (in '/home/juandiaz/covid19_multi/Stan/ModeloJer2QR_reduce.stan', line 6, column 4 to column 61) (in '/home/juandiaz/covid19_multi/Stan/ModeloJer2QR_reduce.stan', line 92, column 2 to column 115)
If this warning occurs sporadically, such as for highly constrained variable types like covariance matrices, then the sampler is fine,
but if this warning occurs often then your model may be either severely ill-conditioned or misspecified.

Informational Message: The current Metropolis proposal is about to be rejected because of the following issue:
Exception: Exception: weibull_lpdf: Scale parameter[1] is 0, but must be positive finite! (in '/home/juandiaz/covid19_multi/Stan/ModeloJer2QR_reduce.stan', line 6, column 4 to column 61) (in '/home/juandiaz/covid19_multi/Stan/ModeloJer2QR_reduce.stan', line 92, column 2 to column 115)
If this warning occurs sporadically, such as for highly constrained variable types like covariance matrices, then the sampler is fine,
but if this warning occurs often then your model may be either severely ill-conditioned or misspecified.

Informational Message: The current Metropolis proposal is about to be rejected because of the following issue:
Exception: Exception: weibull_lpdf: Scale parameter[1] is 0, but must be positive finite! (in '/home/juandiaz/covid19_multi/Stan/ModeloJer2QR_reduce.stan', line 6, column 4 to column 61) (in '/home/juandiaz/covid19_multi/Stan/ModeloJer2QR_reduce.stan', line 92, column 2 to column 115)
If this warning occurs sporadically, such as for highly constrained variable types like covariance matrices, then the sampler is fine,
but if this warning occurs often then your model may be either severely ill-conditioned or misspecified.

Informational Message: The current Metropolis proposal is about to be rejected because of the following issue:
Exception: Exception: weibull_lpdf: Scale parameter[1] is 0, but must be positive finite! (in '/home/juandiaz/covid19_multi/Stan/ModeloJer2QR_reduce.stan', line 6, column 4 to column 61) (in '/home/juandiaz/covid19_multi/Stan/ModeloJer2QR_reduce.stan', line 92, column 2 to column 115)
If this warning occurs sporadically, such as for highly constrained variable types like covariance matrices, then the sampler is fine,
but if this warning occurs often then your model may be either severely ill-conditioned or misspecified.

Informational Message: The current Metropolis proposal is about to be rejected because of the following issue:
Exception: Exception: weibull_lpdf: Scale parameter[1] is 0, but must be positive finite! (in '/home/juandiaz/covid19_multi/Stan/ModeloJer2QR_reduce.stan', line 6, column 4 to column 61) (in '/home/juandiaz/covid19_multi/Stan/ModeloJer2QR_reduce.stan', line 92, column 2 to column 115)
If this warning occurs sporadically, such as for highly constrained variable types like covariance matrices, then the sampler is fine,
but if this warning occurs often then your model may be either severely ill-conditioned or misspecified.

Informational Message: The current Metropolis proposal is about to be rejected because of the following issue:
Exception: Exception: weibull_lpdf: Scale parameter[1] is 0, but must be positive finite! (in '/home/juandiaz/covid19_multi/Stan/ModeloJer2QR_reduce.stan', line 6, column 4 to column 61) (in '/home/juandiaz/covid19_multi/Stan/ModeloJer2QR_reduce.stan', line 92, column 2 to column 115)
If this warning occurs sporadically, such as for highly constrained variable types like covariance matrices, then the sampler is fine,
but if this warning occurs often then your model may be either severely ill-conditioned or misspecified.

Informational Message: The current Metropolis proposal is about to be rejected because of the following issue:
Exception: Exception: weibull_lpdf: Scale parameter[2] is inf, but must be positive finite! (in '/home/juandiaz/covid19_multi/Stan/ModeloJer2QR_reduce.stan', line 6, column 4 to column 61) (in '/home/juandiaz/covid19_multi/Stan/ModeloJer2QR_reduce.stan', line 92, column 2 to column 115)
If this warning occurs sporadically, such as for highly constrained variable types like covariance matrices, then the sampler is fine,
but if this warning occurs often then your model may be either severely ill-conditioned or misspecified.

Informational Message: The current Metropolis proposal is about to be rejected because of the following issue:
Exception: Exception: weibull_lpdf: Scale parameter[2] is inf, but must be positive finite! (in '/home/juandiaz/covid19_multi/Stan/ModeloJer2QR_reduce.stan', line 6, column 4 to column 61) (in '/home/juandiaz/covid19_multi/Stan/ModeloJer2QR_reduce.stan', line 92, column 2 to column 115)
If this warning occurs sporadically, such as for highly constrained variable types like covariance matrices, then the sampler is fine,
but if this warning occurs often then your model may be either severely ill-conditioned or misspecified.

Informational Message: The current Metropolis proposal is about to be rejected because of the following issue:
Exception: Exception: weibull_lpdf: Scale parameter[2] is inf, but must be positive finite! (in '/home/juandiaz/covid19_multi/Stan/ModeloJer2QR_reduce.stan', line 6, column 4 to column 61) (in '/home/juandiaz/covid19_multi/Stan/ModeloJer2QR_reduce.stan', line 92, column 2 to column 115)
If this warning occurs sporadically, such as for highly constrained variable types like covariance matrices, then the sampler is fine,
but if this warning occurs often then your model may be either severely ill-conditioned or misspecified.

Informational Message: The current Metropolis proposal is about to be rejected because of the following issue:
Exception: Exception: weibull_lpdf: Scale parameter[2] is inf, but must be positive finite! (in '/home/juandiaz/covid19_multi/Stan/ModeloJer2QR_reduce.stan', line 6, column 4 to column 61) (in '/home/juandiaz/covid19_multi/Stan/ModeloJer2QR_reduce.stan', line 92, column 2 to column 115)
If this warning occurs sporadically, such as for highly constrained variable types like covariance matrices, then the sampler is fine,
but if this warning occurs often then your model may be either severely ill-conditioned or misspecified.

Informational Message: The current Metropolis proposal is about to be rejected because of the following issue:
Exception: Exception: weibull_lpdf: Scale parameter[3] is inf, but must be positive finite! (in '/home/juandiaz/covid19_multi/Stan/ModeloJer2QR_reduce.stan', line 6, column 4 to column 61) (in '/home/juandiaz/covid19_multi/Stan/ModeloJer2QR_reduce.stan', line 92, column 2 to column 115)
If this warning occurs sporadically, such as for highly constrained variable types like covariance matrices, then the sampler is fine,
but if this warning occurs often then your model may be either severely ill-conditioned or misspecified.

Informational Message: The current Metropolis proposal is about to be rejected because of the following issue:
Exception: Exception: weibull_lpdf: Scale parameter[1] is 0, but must be positive finite! (in '/home/juandiaz/covid19_multi/Stan/ModeloJer2QR_reduce.stan', line 6, column 4 to column 61) (in '/home/juandiaz/covid19_multi/Stan/ModeloJer2QR_reduce.stan', line 94, column 2 to column 96)
If this warning occurs sporadically, such as for highly constrained variable types like covariance matrices, then the sampler is fine,
but if this warning occurs often then your model may be either severely ill-conditioned or misspecified.

Informational Message: The current Metropolis proposal is about to be rejected because of the following issue:
Exception: Exception: weibull_lpdf: Scale parameter[1] is 0, but must be positive finite! (in '/home/juandiaz/covid19_multi/Stan/ModeloJer2QR_reduce.stan', line 6, column 4 to column 61) (in '/home/juandiaz/covid19_multi/Stan/ModeloJer2QR_reduce.stan', line 94, column 2 to column 96)
If this warning occurs sporadically, such as for highly constrained variable types like covariance matrices, then the sampler is fine,
but if this warning occurs often then your model may be either severely ill-conditioned or misspecified.

Informational Message: The current Metropolis proposal is about to be rejected because of the following issue:
Exception: Exception: weibull_lpdf: Scale parameter[1] is 0, but must be positive finite! (in '/home/juandiaz/covid19_multi/Stan/ModeloJer2QR_reduce.stan', line 6, column 4 to column 61) (in '/home/juandiaz/covid19_multi/Stan/ModeloJer2QR_reduce.stan', line 94, column 2 to column 96)
If this warning occurs sporadically, such as for highly constrained variable types like covariance matrices, then the sampler is fine,
but if this warning occurs often then your model may be either severely ill-conditioned or misspecified.

Informational Message: The current Metropolis proposal is about to be rejected because of the following issue:
Exception: Exception: weibull_lpdf: Scale parameter[1] is 0, but must be positive finite! (in '/home/juandiaz/covid19_multi/Stan/ModeloJer2QR_reduce.stan', line 6, column 4 to column 61) (in '/home/juandiaz/covid19_multi/Stan/ModeloJer2QR_reduce.stan', line 94, column 2 to column 96)
If this warning occurs sporadically, such as for highly constrained variable types like covariance matrices, then the sampler is fine,
but if this warning occurs often then your model may be either severely ill-conditioned or misspecified.

Informational Message: The current Metropolis proposal is about to be rejected because of the following issue:
Exception: Exception: weibull_lpdf: Scale parameter[1] is 0, but must be positive finite! (in '/home/juandiaz/covid19_multi/Stan/ModeloJer2QR_reduce.stan', line 6, column 4 to column 61) (in '/home/juandiaz/covid19_multi/Stan/ModeloJer2QR_reduce.stan', line 94, column 2 to column 96)
If this warning occurs sporadically, such as for highly constrained variable types like covariance matrices, then the sampler is fine,
but if this warning occurs often then your model may be either severely ill-conditioned or misspecified.

Informational Message: The current Metropolis proposal is about to be rejected because of the following issue:
Exception: Exception: weibull_lpdf: Scale parameter[1] is 0, but must be positive finite! (in '/home/juandiaz/covid19_multi/Stan/ModeloJer2QR_reduce.stan', line 6, column 4 to column 61) (in '/home/juandiaz/covid19_multi/Stan/ModeloJer2QR_reduce.stan', line 94, column 2 to column 96)
If this warning occurs sporadically, such as for highly constrained variable types like covariance matrices, then the sampler is fine,
but if this warning occurs often then your model may be either severely ill-conditioned or misspecified.

Informational Message: The current Metropolis proposal is about to be rejected because of the following issue:
Exception: Exception: weibull_lpdf: Scale parameter[1] is 0, but must be positive finite! (in '/home/juandiaz/covid19_multi/Stan/ModeloJer2QR_reduce.stan', line 6, column 4 to column 61) (in '/home/juandiaz/covid19_multi/Stan/ModeloJer2QR_reduce.stan', line 94, column 2 to column 96)
If this warning occurs sporadically, such as for highly constrained variable types like covariance matrices, then the sampler is fine,
but if this warning occurs often then your model may be either severely ill-conditioned or misspecified.

Informational Message: The current Metropolis proposal is about to be rejected because of the following issue:
Exception: Exception: weibull_lpdf: Scale parameter[6] is inf, but must be positive finite! (in '/home/juandiaz/covid19_multi/Stan/ModeloJer2QR_reduce.stan', line 6, column 4 to column 61) (in '/home/juandiaz/covid19_multi/Stan/ModeloJer2QR_reduce.stan', line 94, column 2 to column 96)
If this warning occurs sporadically, such as for highly constrained variable types like covariance matrices, then the sampler is fine,
but if this warning occurs often then your model may be either severely ill-conditioned or misspecified.

Informational Message: The current Metropolis proposal is about to be rejected because of the following issue:
Exception: Exception: weibull_lpdf: Scale parameter[9] is inf, but must be positive finite! (in '/home/juandiaz/covid19_multi/Stan/ModeloJer2QR_reduce.stan', line 6, column 4 to column 61) (in '/home/juandiaz/covid19_multi/Stan/ModeloJer2QR_reduce.stan', line 94, column 2 to column 96)
If this warning occurs sporadically, such as for highly constrained variable types like covariance matrices, then the sampler is fine,
but if this warning occurs often then your model may be either severely ill-conditioned or misspecified.

Iteration:    1 / 1500 [  0%]  (Warmup)
Informational Message: The current Metropolis proposal is about to be rejected because of the following issue:
Exception: Exception: weibull_lpdf: Scale parameter[1] is inf, but must be positive finite! (in '/home/juandiaz/covid19_multi/Stan/ModeloJer2QR_reduce.stan', line 6, column 4 to column 61) (in '/home/juandiaz/covid19_multi/Stan/ModeloJer2QR_reduce.stan', line 92, column 2 to column 115)
If this warning occurs sporadically, such as for highly constrained variable types like covariance matrices, then the sampler is fine,
but if this warning occurs often then your model may be either severely ill-conditioned or misspecified.

Informational Message: The current Metropolis proposal is about to be rejected because of the following issue:
Exception: Exception: weibull_lpdf: Scale parameter[1] is 0, but must be positive finite! (in '/home/juandiaz/covid19_multi/Stan/ModeloJer2QR_reduce.stan', line 6, column 4 to column 61) (in '/home/juandiaz/covid19_multi/Stan/ModeloJer2QR_reduce.stan', line 92, column 2 to column 115)
If this warning occurs sporadically, such as for highly constrained variable types like covariance matrices, then the sampler is fine,
but if this warning occurs often then your model may be either severely ill-conditioned or misspecified.

Informational Message: The current Metropolis proposal is about to be rejected because of the following issue:
Exception: Exception: weibull_lpdf: Scale parameter[1] is 0, but must be positive finite! (in '/home/juandiaz/covid19_multi/Stan/ModeloJer2QR_reduce.stan', line 6, column 4 to column 61) (in '/home/juandiaz/covid19_multi/Stan/ModeloJer2QR_reduce.stan', line 92, column 2 to column 115)
If this warning occurs sporadically, such as for highly constrained variable types like covariance matrices, then the sampler is fine,
but if this warning occurs often then your model may be either severely ill-conditioned or misspecified.

Informational Message: The current Metropolis proposal is about to be rejected because of the following issue:
Exception: Exception: weibull_lpdf: Scale parameter[1] is inf, but must be positive finite! (in '/home/juandiaz/covid19_multi/Stan/ModeloJer2QR_reduce.stan', line 6, column 4 to column 61) (in '/home/juandiaz/covid19_multi/Stan/ModeloJer2QR_reduce.stan', line 92, column 2 to column 115)
If this warning occurs sporadically, such as for highly constrained variable types like covariance matrices, then the sampler is fine,
but if this warning occurs often then your model may be either severely ill-conditioned or misspecified.

Informational Message: The current Metropolis proposal is about to be rejected because of the following issue:
Exception: Exception: weibull_lpdf: Scale parameter[2] is inf, but must be positive finite! (in '/home/juandiaz/covid19_multi/Stan/ModeloJer2QR_reduce.stan', line 6, column 4 to column 61) (in '/home/juandiaz/covid19_multi/Stan/ModeloJer2QR_reduce.stan', line 92, column 2 to column 115)
If this warning occurs sporadically, such as for highly constrained variable types like covariance matrices, then the sampler is fine,
but if this warning occurs often then your model may be either severely ill-conditioned or misspecified.

Informational Message: The current Metropolis proposal is about to be rejected because of the following issue:
Exception: Exception: weibull_lpdf: Scale parameter[1] is 0, but must be positive finite! (in '/home/juandiaz/covid19_multi/Stan/ModeloJer2QR_reduce.stan', line 6, column 4 to column 61) (in '/home/juandiaz/covid19_multi/Stan/ModeloJer2QR_reduce.stan', line 94, column 2 to column 96)
If this warning occurs sporadically, such as for highly constrained variable types like covariance matrices, then the sampler is fine,
but if this warning occurs often then your model may be either severely ill-conditioned or misspecified.

Informational Message: The current Metropolis proposal is about to be rejected because of the following issue:
Exception: Exception: weibull_lpdf: Scale parameter[14] is 0, but must be positive finite! (in '/home/juandiaz/covid19_multi/Stan/ModeloJer2QR_reduce.stan', line 6, column 4 to column 61) (in '/home/juandiaz/covid19_multi/Stan/ModeloJer2QR_reduce.stan', line 94, column 2 to column 96)
If this warning occurs sporadically, such as for highly constrained variable types like covariance matrices, then the sampler is fine,
but if this warning occurs often then your model may be either severely ill-conditioned or misspecified.

Iteration:  100 / 1500 [  6%]  (Warmup)
Iteration:  100 / 1500 [  6%]  (Warmup)
Iteration:  100 / 1500 [  6%]  (Warmup)
Iteration:  200 / 1500 [ 13%]  (Warmup)
Iteration:  200 / 1500 [ 13%]  (Warmup)
Iteration:  200 / 1500 [ 13%]  (Warmup)
Iteration:  300 / 1500 [ 20%]  (Warmup)
Iteration:  300 / 1500 [ 20%]  (Warmup)
Iteration:  300 / 1500 [ 20%]  (Warmup)
Iteration:  400 / 1500 [ 26%]  (Warmup)
Iteration:  400 / 1500 [ 26%]  (Warmup)
Iteration:  400 / 1500 [ 26%]  (Warmup)
Iteration:  500 / 1500 [ 33%]  (Warmup)
Iteration:  500 / 1500 [ 33%]  (Warmup)
Iteration:  500 / 1500 [ 33%]  (Warmup)
Iteration:  600 / 1500 [ 40%]  (Warmup)
Iteration:  600 / 1500 [ 40%]  (Warmup)
Iteration:  600 / 1500 [ 40%]  (Warmup)
Iteration:  700 / 1500 [ 46%]  (Warmup)
Iteration:  700 / 1500 [ 46%]  (Warmup)
Iteration:  700 / 1500 [ 46%]  (Warmup)
Iteration:  751 / 1500 [ 50%]  (Sampling)
Iteration:  751 / 1500 [ 50%]  (Sampling)
Iteration:  751 / 1500 [ 50%]  (Sampling)
Iteration:  850 / 1500 [ 56%]  (Sampling)
Iteration:  850 / 1500 [ 56%]  (Sampling)
Iteration:  850 / 1500 [ 56%]  (Sampling)
Iteration:  950 / 1500 [ 63%]  (Sampling)
Iteration:  950 / 1500 [ 63%]  (Sampling)
Iteration: 1050 / 1500 [ 70%]  (Sampling)
Iteration: 1050 / 1500 [ 70%]  (Sampling)
Iteration:  950 / 1500 [ 63%]  (Sampling)
Iteration: 1150 / 1500 [ 76%]  (Sampling)
Iteration: 1150 / 1500 [ 76%]  (Sampling)
Iteration: 1250 / 1500 [ 83%]  (Sampling)
Iteration: 1050 / 1500 [ 70%]  (Sampling)
Iteration: 1250 / 1500 [ 83%]  (Sampling)
Iteration: 1350 / 1500 [ 90%]  (Sampling)
Iteration: 1350 / 1500 [ 90%]  (Sampling)
Iteration: 1150 / 1500 [ 76%]  (Sampling)
Iteration: 1450 / 1500 [ 96%]  (Sampling)
Iteration: 1450 / 1500 [ 96%]  (Sampling)
Iteration: 1500 / 1500 [100%]  (Sampling)

 Elapsed Time: 44717.8 seconds (Warm-up)
               27205.1 seconds (Sampling)
               71922.8 seconds (Total)

Job 1  finish: Wed Jun 23 13:12:01 PDT 2021
Iteration: 1500 / 1500 [100%]  (Sampling)

 Elapsed Time: 42215.5 seconds (Warm-up)
               30072.3 seconds (Sampling)
               72287.8 seconds (Total)

Job 3  finish: Wed Jun 23 13:23:14 PDT 2021
Iteration: 1250 / 1500 [ 83%]  (Sampling)
Iteration: 1350 / 1500 [ 90%]  (Sampling)
Iteration: 1450 / 1500 [ 96%]  (Sampling)
Iteration: 1500 / 1500 [100%]  (Sampling)

 Elapsed Time: 42506.1 seconds (Warm-up)
               49285.9 seconds (Sampling)
               91792 seconds (Total)

Job 2  finish: Wed Jun 23 18:46:14 PDT 2021
